Build started 17-11-2022 16:24:27.
     1>Project "D:\latest speech proj\project\project\224101004_digitrecognition\224101004_digitrecognition.vcxproj" on node 2 (build target(s)).
     1>InitializeBuildStatus:
         Creating "Debug\224101004_digitrecognition.unsuccessfulbuild" because "AlwaysCreate" was specified.
       ClCompile:
         All outputs are up-to-date.
         C:\Program Files (x86)\Microsoft Visual Studio 10.0\VC\bin\CL.exe /c /ZI /nologo /W3 /WX- /Od /Oy- /D WIN32 /D _DEBUG /D _CONSOLE /D _UNICODE /D UNICODE /Gm /EHsc /RTC1 /MDd /GS /fp:precise /Zc:wchar_t /Zc:forScope /Yu"StdAfx.h" /Fp"Debug\224101004_digitrecognition.pch" /Fo"Debug\\" /Fd"Debug\vc100.pdb" /Gd /TP /analyze- /errorReport:prompt 224101004_digitrecognition.cpp
         224101004_digitrecognition.cpp
     1>d:\latest speech proj\project\project\224101004_digitrecognition\224101004_digitrecognition.cpp(321): warning C4996: 'fopen': This function or variable may be unsafe. Consider using fopen_s instead. To disable deprecation, use _CRT_SECURE_NO_WARNINGS. See online help for details.
                 c:\program files (x86)\microsoft visual studio 10.0\vc\include\stdio.h(234) : see declaration of 'fopen'
     1>d:\latest speech proj\project\project\224101004_digitrecognition\224101004_digitrecognition.cpp(330): warning C4996: 'fscanf': This function or variable may be unsafe. Consider using fscanf_s instead. To disable deprecation, use _CRT_SECURE_NO_WARNINGS. See online help for details.
                 c:\program files (x86)\microsoft visual studio 10.0\vc\include\stdio.h(253) : see declaration of 'fscanf'
     1>d:\latest speech proj\project\project\224101004_digitrecognition\224101004_digitrecognition.cpp(340): warning C4996: 'fopen': This function or variable may be unsafe. Consider using fopen_s instead. To disable deprecation, use _CRT_SECURE_NO_WARNINGS. See online help for details.
                 c:\program files (x86)\microsoft visual studio 10.0\vc\include\stdio.h(234) : see declaration of 'fopen'
     1>d:\latest speech proj\project\project\224101004_digitrecognition\224101004_digitrecognition.cpp(345): warning C4996: 'fscanf': This function or variable may be unsafe. Consider using fscanf_s instead. To disable deprecation, use _CRT_SECURE_NO_WARNINGS. See online help for details.
                 c:\program files (x86)\microsoft visual studio 10.0\vc\include\stdio.h(253) : see declaration of 'fscanf'
     1>d:\latest speech proj\project\project\224101004_digitrecognition\224101004_digitrecognition.cpp(355): warning C4996: 'fopen': This function or variable may be unsafe. Consider using fopen_s instead. To disable deprecation, use _CRT_SECURE_NO_WARNINGS. See online help for details.
                 c:\program files (x86)\microsoft visual studio 10.0\vc\include\stdio.h(234) : see declaration of 'fopen'
     1>d:\latest speech proj\project\project\224101004_digitrecognition\224101004_digitrecognition.cpp(359): warning C4996: 'fscanf': This function or variable may be unsafe. Consider using fscanf_s instead. To disable deprecation, use _CRT_SECURE_NO_WARNINGS. See online help for details.
                 c:\program files (x86)\microsoft visual studio 10.0\vc\include\stdio.h(253) : see declaration of 'fscanf'
     1>d:\latest speech proj\project\project\224101004_digitrecognition\224101004_digitrecognition.cpp(433): warning C4996: 'sprintf': This function or variable may be unsafe. Consider using sprintf_s instead. To disable deprecation, use _CRT_SECURE_NO_WARNINGS. See online help for details.
                 c:\program files (x86)\microsoft visual studio 10.0\vc\include\stdio.h(371) : see declaration of 'sprintf'
     1>d:\latest speech proj\project\project\224101004_digitrecognition\224101004_digitrecognition.cpp(436): warning C4996: 'sprintf': This function or variable may be unsafe. Consider using sprintf_s instead. To disable deprecation, use _CRT_SECURE_NO_WARNINGS. See online help for details.
                 c:\program files (x86)\microsoft visual studio 10.0\vc\include\stdio.h(371) : see declaration of 'sprintf'
     1>d:\latest speech proj\project\project\224101004_digitrecognition\224101004_digitrecognition.cpp(439): warning C4996: 'sprintf': This function or variable may be unsafe. Consider using sprintf_s instead. To disable deprecation, use _CRT_SECURE_NO_WARNINGS. See online help for details.
                 c:\program files (x86)\microsoft visual studio 10.0\vc\include\stdio.h(371) : see declaration of 'sprintf'
     1>d:\latest speech proj\project\project\224101004_digitrecognition\224101004_digitrecognition.cpp(479): warning C4996: 'fopen': This function or variable may be unsafe. Consider using fopen_s instead. To disable deprecation, use _CRT_SECURE_NO_WARNINGS. See online help for details.
                 c:\program files (x86)\microsoft visual studio 10.0\vc\include\stdio.h(234) : see declaration of 'fopen'
     1>d:\latest speech proj\project\project\224101004_digitrecognition\224101004_digitrecognition.cpp(493): warning C4996: 'fopen': This function or variable may be unsafe. Consider using fopen_s instead. To disable deprecation, use _CRT_SECURE_NO_WARNINGS. See online help for details.
                 c:\program files (x86)\microsoft visual studio 10.0\vc\include\stdio.h(234) : see declaration of 'fopen'
     1>d:\latest speech proj\project\project\224101004_digitrecognition\224101004_digitrecognition.cpp(507): warning C4996: 'fopen': This function or variable may be unsafe. Consider using fopen_s instead. To disable deprecation, use _CRT_SECURE_NO_WARNINGS. See online help for details.
                 c:\program files (x86)\microsoft visual studio 10.0\vc\include\stdio.h(234) : see declaration of 'fopen'
     1>d:\latest speech proj\project\project\224101004_digitrecognition\224101004_digitrecognition.cpp(539): warning C4996: 'sprintf': This function or variable may be unsafe. Consider using sprintf_s instead. To disable deprecation, use _CRT_SECURE_NO_WARNINGS. See online help for details.
                 c:\program files (x86)\microsoft visual studio 10.0\vc\include\stdio.h(371) : see declaration of 'sprintf'
     1>d:\latest speech proj\project\project\224101004_digitrecognition\224101004_digitrecognition.cpp(540): warning C4996: 'fopen': This function or variable may be unsafe. Consider using fopen_s instead. To disable deprecation, use _CRT_SECURE_NO_WARNINGS. See online help for details.
                 c:\program files (x86)\microsoft visual studio 10.0\vc\include\stdio.h(234) : see declaration of 'fopen'
     1>d:\latest speech proj\project\project\224101004_digitrecognition\224101004_digitrecognition.cpp(550): warning C4996: 'sprintf': This function or variable may be unsafe. Consider using sprintf_s instead. To disable deprecation, use _CRT_SECURE_NO_WARNINGS. See online help for details.
                 c:\program files (x86)\microsoft visual studio 10.0\vc\include\stdio.h(371) : see declaration of 'sprintf'
     1>d:\latest speech proj\project\project\224101004_digitrecognition\224101004_digitrecognition.cpp(551): warning C4996: 'fopen': This function or variable may be unsafe. Consider using fopen_s instead. To disable deprecation, use _CRT_SECURE_NO_WARNINGS. See online help for details.
                 c:\program files (x86)\microsoft visual studio 10.0\vc\include\stdio.h(234) : see declaration of 'fopen'
     1>d:\latest speech proj\project\project\224101004_digitrecognition\224101004_digitrecognition.cpp(560): warning C4996: 'sprintf': This function or variable may be unsafe. Consider using sprintf_s instead. To disable deprecation, use _CRT_SECURE_NO_WARNINGS. See online help for details.
                 c:\program files (x86)\microsoft visual studio 10.0\vc\include\stdio.h(371) : see declaration of 'sprintf'
     1>d:\latest speech proj\project\project\224101004_digitrecognition\224101004_digitrecognition.cpp(561): warning C4996: 'fopen': This function or variable may be unsafe. Consider using fopen_s instead. To disable deprecation, use _CRT_SECURE_NO_WARNINGS. See online help for details.
                 c:\program files (x86)\microsoft visual studio 10.0\vc\include\stdio.h(234) : see declaration of 'fopen'
     1>d:\latest speech proj\project\project\224101004_digitrecognition\224101004_digitrecognition.cpp(537): warning C4101: 'ind' : unreferenced local variable
     1>d:\latest speech proj\project\project\224101004_digitrecognition\224101004_digitrecognition.cpp(574): warning C4996: 'fopen': This function or variable may be unsafe. Consider using fopen_s instead. To disable deprecation, use _CRT_SECURE_NO_WARNINGS. See online help for details.
                 c:\program files (x86)\microsoft visual studio 10.0\vc\include\stdio.h(234) : see declaration of 'fopen'
     1>d:\latest speech proj\project\project\224101004_digitrecognition\224101004_digitrecognition.cpp(711): warning C4996: 'fopen': This function or variable may be unsafe. Consider using fopen_s instead. To disable deprecation, use _CRT_SECURE_NO_WARNINGS. See online help for details.
                 c:\program files (x86)\microsoft visual studio 10.0\vc\include\stdio.h(234) : see declaration of 'fopen'
     1>d:\latest speech proj\project\project\224101004_digitrecognition\224101004_digitrecognition.cpp(745): warning C4996: 'sprintf': This function or variable may be unsafe. Consider using sprintf_s instead. To disable deprecation, use _CRT_SECURE_NO_WARNINGS. See online help for details.
                 c:\program files (x86)\microsoft visual studio 10.0\vc\include\stdio.h(371) : see declaration of 'sprintf'
     1>d:\latest speech proj\project\project\224101004_digitrecognition\224101004_digitrecognition.cpp(746): warning C4996: 'fopen': This function or variable may be unsafe. Consider using fopen_s instead. To disable deprecation, use _CRT_SECURE_NO_WARNINGS. See online help for details.
                 c:\program files (x86)\microsoft visual studio 10.0\vc\include\stdio.h(234) : see declaration of 'fopen'
     1>d:\latest speech proj\project\project\224101004_digitrecognition\224101004_digitrecognition.cpp(756): warning C4244: 'initializing' : conversion from 'double' to 'int', possible loss of data
     1>d:\latest speech proj\project\project\224101004_digitrecognition\224101004_digitrecognition.cpp(759): warning C4244: '=' : conversion from 'double' to 'long', possible loss of data
     1>d:\latest speech proj\project\project\224101004_digitrecognition\224101004_digitrecognition.cpp(763): warning C4996: 'sprintf': This function or variable may be unsafe. Consider using sprintf_s instead. To disable deprecation, use _CRT_SECURE_NO_WARNINGS. See online help for details.
                 c:\program files (x86)\microsoft visual studio 10.0\vc\include\stdio.h(371) : see declaration of 'sprintf'
     1>d:\latest speech proj\project\project\224101004_digitrecognition\224101004_digitrecognition.cpp(737): warning C4101: 'com_dump' : unreferenced local variable
     1>d:\latest speech proj\project\project\224101004_digitrecognition\224101004_digitrecognition.cpp(737): warning C4101: 'dump_file' : unreferenced local variable
     1>d:\latest speech proj\project\project\224101004_digitrecognition\224101004_digitrecognition.cpp(792): warning C4996: 'fopen': This function or variable may be unsafe. Consider using fopen_s instead. To disable deprecation, use _CRT_SECURE_NO_WARNINGS. See online help for details.
                 c:\program files (x86)\microsoft visual studio 10.0\vc\include\stdio.h(234) : see declaration of 'fopen'
     1>d:\latest speech proj\project\project\224101004_digitrecognition\224101004_digitrecognition.cpp(801): warning C4996: 'fscanf': This function or variable may be unsafe. Consider using fscanf_s instead. To disable deprecation, use _CRT_SECURE_NO_WARNINGS. See online help for details.
                 c:\program files (x86)\microsoft visual studio 10.0\vc\include\stdio.h(253) : see declaration of 'fscanf'
     1>d:\latest speech proj\project\project\224101004_digitrecognition\224101004_digitrecognition.cpp(811): warning C4996: 'sprintf': This function or variable may be unsafe. Consider using sprintf_s instead. To disable deprecation, use _CRT_SECURE_NO_WARNINGS. See online help for details.
                 c:\program files (x86)\microsoft visual studio 10.0\vc\include\stdio.h(371) : see declaration of 'sprintf'
     1>d:\latest speech proj\project\project\224101004_digitrecognition\224101004_digitrecognition.cpp(812): warning C4996: 'fopen': This function or variable may be unsafe. Consider using fopen_s instead. To disable deprecation, use _CRT_SECURE_NO_WARNINGS. See online help for details.
                 c:\program files (x86)\microsoft visual studio 10.0\vc\include\stdio.h(234) : see declaration of 'fopen'
     1>d:\latest speech proj\project\project\224101004_digitrecognition\224101004_digitrecognition.cpp(821): warning C4996: 'fscanf': This function or variable may be unsafe. Consider using fscanf_s instead. To disable deprecation, use _CRT_SECURE_NO_WARNINGS. See online help for details.
                 c:\program files (x86)\microsoft visual studio 10.0\vc\include\stdio.h(253) : see declaration of 'fscanf'
     1>d:\latest speech proj\project\project\224101004_digitrecognition\224101004_digitrecognition.cpp(862): warning C4996: 'fopen': This function or variable may be unsafe. Consider using fopen_s instead. To disable deprecation, use _CRT_SECURE_NO_WARNINGS. See online help for details.
                 c:\program files (x86)\microsoft visual studio 10.0\vc\include\stdio.h(234) : see declaration of 'fopen'
     1>d:\latest speech proj\project\project\224101004_digitrecognition\224101004_digitrecognition.cpp(872): warning C4244: 'initializing' : conversion from 'double' to 'int', possible loss of data
     1>d:\latest speech proj\project\project\224101004_digitrecognition\224101004_digitrecognition.cpp(875): warning C4244: '=' : conversion from 'double' to 'long', possible loss of data
     1>d:\latest speech proj\project\project\224101004_digitrecognition\224101004_digitrecognition.cpp(854): warning C4101: 'obs_file' : unreferenced local variable
     1>d:\latest speech proj\project\project\224101004_digitrecognition\224101004_digitrecognition.cpp(894): warning C4996: 'fopen': This function or variable may be unsafe. Consider using fopen_s instead. To disable deprecation, use _CRT_SECURE_NO_WARNINGS. See online help for details.
                 c:\program files (x86)\microsoft visual studio 10.0\vc\include\stdio.h(234) : see declaration of 'fopen'
     1>d:\latest speech proj\project\project\224101004_digitrecognition\224101004_digitrecognition.cpp(904): warning C4244: 'initializing' : conversion from 'double' to 'int', possible loss of data
     1>d:\latest speech proj\project\project\224101004_digitrecognition\224101004_digitrecognition.cpp(907): warning C4244: '=' : conversion from 'double' to 'long', possible loss of data
     1>d:\latest speech proj\project\project\224101004_digitrecognition\224101004_digitrecognition.cpp(886): warning C4101: 'obs_file' : unreferenced local variable
     1>d:\latest speech proj\project\project\224101004_digitrecognition\224101004_digitrecognition.cpp(922): warning C4996: 'sprintf': This function or variable may be unsafe. Consider using sprintf_s instead. To disable deprecation, use _CRT_SECURE_NO_WARNINGS. See online help for details.
                 c:\program files (x86)\microsoft visual studio 10.0\vc\include\stdio.h(371) : see declaration of 'sprintf'
     1>d:\latest speech proj\project\project\224101004_digitrecognition\224101004_digitrecognition.cpp(923): warning C4996: 'fopen': This function or variable may be unsafe. Consider using fopen_s instead. To disable deprecation, use _CRT_SECURE_NO_WARNINGS. See online help for details.
                 c:\program files (x86)\microsoft visual studio 10.0\vc\include\stdio.h(234) : see declaration of 'fopen'
     1>d:\latest speech proj\project\project\224101004_digitrecognition\224101004_digitrecognition.cpp(933): warning C4244: 'initializing' : conversion from 'double' to 'int', possible loss of data
     1>d:\latest speech proj\project\project\224101004_digitrecognition\224101004_digitrecognition.cpp(935): warning C4244: '=' : conversion from 'double' to 'long', possible loss of data
     1>d:\latest speech proj\project\project\224101004_digitrecognition\224101004_digitrecognition.cpp(918): warning C4101: 'test_file' : unreferenced local variable
     1>d:\latest speech proj\project\project\224101004_digitrecognition\224101004_digitrecognition.cpp(964): warning C4996: 'sprintf': This function or variable may be unsafe. Consider using sprintf_s instead. To disable deprecation, use _CRT_SECURE_NO_WARNINGS. See online help for details.
                 c:\program files (x86)\microsoft visual studio 10.0\vc\include\stdio.h(371) : see declaration of 'sprintf'
     1>d:\latest speech proj\project\project\224101004_digitrecognition\224101004_digitrecognition.cpp(965): warning C4996: 'fopen': This function or variable may be unsafe. Consider using fopen_s instead. To disable deprecation, use _CRT_SECURE_NO_WARNINGS. See online help for details.
                 c:\program files (x86)\microsoft visual studio 10.0\vc\include\stdio.h(234) : see declaration of 'fopen'
     1>d:\latest speech proj\project\project\224101004_digitrecognition\224101004_digitrecognition.cpp(972): warning C4996: 'sprintf': This function or variable may be unsafe. Consider using sprintf_s instead. To disable deprecation, use _CRT_SECURE_NO_WARNINGS. See online help for details.
                 c:\program files (x86)\microsoft visual studio 10.0\vc\include\stdio.h(371) : see declaration of 'sprintf'
     1>d:\latest speech proj\project\project\224101004_digitrecognition\224101004_digitrecognition.cpp(973): warning C4996: 'fopen': This function or variable may be unsafe. Consider using fopen_s instead. To disable deprecation, use _CRT_SECURE_NO_WARNINGS. See online help for details.
                 c:\program files (x86)\microsoft visual studio 10.0\vc\include\stdio.h(234) : see declaration of 'fopen'
     1>d:\latest speech proj\project\project\224101004_digitrecognition\224101004_digitrecognition.cpp(980): warning C4996: 'sprintf': This function or variable may be unsafe. Consider using sprintf_s instead. To disable deprecation, use _CRT_SECURE_NO_WARNINGS. See online help for details.
                 c:\program files (x86)\microsoft visual studio 10.0\vc\include\stdio.h(371) : see declaration of 'sprintf'
     1>d:\latest speech proj\project\project\224101004_digitrecognition\224101004_digitrecognition.cpp(981): warning C4996: 'fopen': This function or variable may be unsafe. Consider using fopen_s instead. To disable deprecation, use _CRT_SECURE_NO_WARNINGS. See online help for details.
                 c:\program files (x86)\microsoft visual studio 10.0\vc\include\stdio.h(234) : see declaration of 'fopen'
     1>d:\latest speech proj\project\project\224101004_digitrecognition\224101004_digitrecognition.cpp(999): warning C4996: 'sprintf': This function or variable may be unsafe. Consider using sprintf_s instead. To disable deprecation, use _CRT_SECURE_NO_WARNINGS. See online help for details.
                 c:\program files (x86)\microsoft visual studio 10.0\vc\include\stdio.h(371) : see declaration of 'sprintf'
     1>d:\latest speech proj\project\project\224101004_digitrecognition\224101004_digitrecognition.cpp(1000): warning C4996: 'fopen': This function or variable may be unsafe. Consider using fopen_s instead. To disable deprecation, use _CRT_SECURE_NO_WARNINGS. See online help for details.
                 c:\program files (x86)\microsoft visual studio 10.0\vc\include\stdio.h(234) : see declaration of 'fopen'
     1>d:\latest speech proj\project\project\224101004_digitrecognition\224101004_digitrecognition.cpp(1016): warning C4996: 'sprintf': This function or variable may be unsafe. Consider using sprintf_s instead. To disable deprecation, use _CRT_SECURE_NO_WARNINGS. See online help for details.
                 c:\program files (x86)\microsoft visual studio 10.0\vc\include\stdio.h(371) : see declaration of 'sprintf'
     1>d:\latest speech proj\project\project\224101004_digitrecognition\224101004_digitrecognition.cpp(1018): warning C4996: 'sprintf': This function or variable may be unsafe. Consider using sprintf_s instead. To disable deprecation, use _CRT_SECURE_NO_WARNINGS. See online help for details.
                 c:\program files (x86)\microsoft visual studio 10.0\vc\include\stdio.h(371) : see declaration of 'sprintf'
     1>d:\latest speech proj\project\project\224101004_digitrecognition\224101004_digitrecognition.cpp(1029): warning C4996: 'sprintf': This function or variable may be unsafe. Consider using sprintf_s instead. To disable deprecation, use _CRT_SECURE_NO_WARNINGS. See online help for details.
                 c:\program files (x86)\microsoft visual studio 10.0\vc\include\stdio.h(371) : see declaration of 'sprintf'
     1>d:\latest speech proj\project\project\224101004_digitrecognition\224101004_digitrecognition.cpp(1042): warning C4996: 'sprintf': This function or variable may be unsafe. Consider using sprintf_s instead. To disable deprecation, use _CRT_SECURE_NO_WARNINGS. See online help for details.
                 c:\program files (x86)\microsoft visual studio 10.0\vc\include\stdio.h(371) : see declaration of 'sprintf'
     1>d:\latest speech proj\project\project\224101004_digitrecognition\224101004_digitrecognition.cpp(1054): warning C4996: 'sprintf': This function or variable may be unsafe. Consider using sprintf_s instead. To disable deprecation, use _CRT_SECURE_NO_WARNINGS. See online help for details.
                 c:\program files (x86)\microsoft visual studio 10.0\vc\include\stdio.h(371) : see declaration of 'sprintf'
     1>d:\latest speech proj\project\project\224101004_digitrecognition\224101004_digitrecognition.cpp(1066): warning C4996: 'sprintf': This function or variable may be unsafe. Consider using sprintf_s instead. To disable deprecation, use _CRT_SECURE_NO_WARNINGS. See online help for details.
                 c:\program files (x86)\microsoft visual studio 10.0\vc\include\stdio.h(371) : see declaration of 'sprintf'
     1>d:\latest speech proj\project\project\224101004_digitrecognition\224101004_digitrecognition.cpp(1078): warning C4996: 'sprintf': This function or variable may be unsafe. Consider using sprintf_s instead. To disable deprecation, use _CRT_SECURE_NO_WARNINGS. See online help for details.
                 c:\program files (x86)\microsoft visual studio 10.0\vc\include\stdio.h(371) : see declaration of 'sprintf'
     1>d:\latest speech proj\project\project\224101004_digitrecognition\224101004_digitrecognition.cpp(1095): warning C4996: 'scanf': This function or variable may be unsafe. Consider using scanf_s instead. To disable deprecation, use _CRT_SECURE_NO_WARNINGS. See online help for details.
                 c:\program files (x86)\microsoft visual studio 10.0\vc\include\stdio.h(304) : see declaration of 'scanf'
     1>d:\latest speech proj\project\project\224101004_digitrecognition\224101004_digitrecognition.cpp(1101): warning C4996: 'scanf': This function or variable may be unsafe. Consider using scanf_s instead. To disable deprecation, use _CRT_SECURE_NO_WARNINGS. See online help for details.
                 c:\program files (x86)\microsoft visual studio 10.0\vc\include\stdio.h(304) : see declaration of 'scanf'
     1>d:\latest speech proj\project\project\224101004_digitrecognition\224101004_digitrecognition.cpp(1141): warning C4996: 'scanf': This function or variable may be unsafe. Consider using scanf_s instead. To disable deprecation, use _CRT_SECURE_NO_WARNINGS. See online help for details.
                 c:\program files (x86)\microsoft visual studio 10.0\vc\include\stdio.h(304) : see declaration of 'scanf'
     1>d:\latest speech proj\project\project\224101004_digitrecognition\224101004_digitrecognition.cpp(1164): warning C4996: 'scanf': This function or variable may be unsafe. Consider using scanf_s instead. To disable deprecation, use _CRT_SECURE_NO_WARNINGS. See online help for details.
                 c:\program files (x86)\microsoft visual studio 10.0\vc\include\stdio.h(304) : see declaration of 'scanf'
     1>d:\latest speech proj\project\project\224101004_digitrecognition\224101004_digitrecognition.cpp(1180): warning C4996: 'scanf': This function or variable may be unsafe. Consider using scanf_s instead. To disable deprecation, use _CRT_SECURE_NO_WARNINGS. See online help for details.
                 c:\program files (x86)\microsoft visual studio 10.0\vc\include\stdio.h(304) : see declaration of 'scanf'
     1>d:\latest speech proj\project\project\224101004_digitrecognition\224101004_digitrecognition.cpp(1190): warning C4996: 'scanf': This function or variable may be unsafe. Consider using scanf_s instead. To disable deprecation, use _CRT_SECURE_NO_WARNINGS. See online help for details.
                 c:\program files (x86)\microsoft visual studio 10.0\vc\include\stdio.h(304) : see declaration of 'scanf'
       ManifestResourceCompile:
         All outputs are up-to-date.
       Link:
         C:\Program Files (x86)\Microsoft Visual Studio 10.0\VC\bin\link.exe /ERRORREPORT:PROMPT /OUT:"D:\latest speech proj\project\project\Debug\224101004_digitrecognition.exe" /INCREMENTAL /NOLOGO kernel32.lib user32.lib gdi32.lib winspool.lib comdlg32.lib advapi32.lib shell32.lib ole32.lib oleaut32.lib uuid.lib odbc32.lib odbccp32.lib /MANIFEST /ManifestFile:"Debug\224101004_digitrecognition.exe.intermediate.manifest" /MANIFESTUAC:"level='asInvoker' uiAccess='false'" /DEBUG /PDB:"D:\latest speech proj\project\project\Debug\224101004_digitrecognition.pdb" /SUBSYSTEM:CONSOLE /TLBID:1 /DYNAMICBASE /NXCOMPAT /IMPLIB:"D:\latest speech proj\project\project\Debug\224101004_digitrecognition.lib" /MACHINE:X86 Debug\224101004_digitrecognition.exe.embed.manifest.res
         Debug\224101004_digitrecognition.obj
         Debug\stdafx.obj
       Manifest:
         C:\Program Files (x86)\Microsoft SDKs\Windows\v7.0A\bin\mt.exe /nologo /verbose /out:"Debug\224101004_digitrecognition.exe.embed.manifest" /manifest Debug\224101004_digitrecognition.exe.intermediate.manifest
         All outputs are up-to-date.
       LinkEmbedManifest:
         All outputs are up-to-date.
         224101004_digitrecognition.vcxproj -> D:\latest speech proj\project\project\Debug\224101004_digitrecognition.exe
       FinalizeBuildStatus:
         Deleting file "Debug\224101004_digitrecognition.unsuccessfulbuild".
         Touching "Debug\224101004_digitrecognition.lastbuildstate".
     1>Done Building Project "D:\latest speech proj\project\project\224101004_digitrecognition\224101004_digitrecognition.vcxproj" (build target(s)).

Build succeeded.

Time Elapsed 00:00:01.43
